#
# There is insufficient memory for the Java Runtime Environment to continue.
# Native memory allocation (malloc) failed to allocate 2097152 bytes for AllocateHeap
# Possible reasons:
#   The system is out of physical RAM or swap space
#   The process is running with CompressedOops enabled, and the Java Heap may be blocking the growth of the native heap
# Possible solutions:
#   Reduce memory load on the system
#   Increase physical memory or swap space
#   Check if swap backing store is full
#   Decrease Java heap size (-Xmx/-Xms)
#   Decrease number of Java threads
#   Decrease Java thread stack sizes (-Xss)
#   Set larger code cache with -XX:ReservedCodeCacheSize=
#   JVM is running with Unscaled Compressed Oops mode in which the Java heap is
#     placed in the first 4GB address space. The Java Heap base address is the
#     maximum limit for the native heap growth. Please use -XX:HeapBaseMinAddress
#     to set the Java Heap base and to place the Java Heap above 4GB virtual address.
# This output file may be truncated or incomplete.
#
#  Out of Memory Error (allocation.cpp:44), pid=14788, tid=9028
#
# JRE version: OpenJDK Runtime Environment Temurin-17.0.10+7 (17.0.10+7) (build 17.0.10+7)
# Java VM: OpenJDK 64-Bit Server VM Temurin-17.0.10+7 (17.0.10+7, mixed mode, emulated-client, tiered, compressed oops, compressed class ptrs, g1 gc, windows-amd64)
# No core dump will be written. Minidumps are not enabled by default on client versions of Windows
#

---------------  S U M M A R Y ------------

Command Line: -XX:+HeapDumpOnOutOfMemoryError -Xmx1024m -Dsts.lsp.client=vscode -Dsts.log.file=/dev/null -XX:TieredStopAtLevel=1 -Xlog:jni+resolve=off -Dspring.config.location=file:c:\Users\Ganesha\.vscode\extensions\vmware.vscode-spring-boot-1.52.0\language-server\BOOT-INF\classes\application.properties org.springframework.ide.vscode.boot.app.BootLanguageServerBootApp

Host: Intel(R) Core(TM) i5-5200U CPU @ 2.20GHz, 4 cores, 7G,  Windows 10 , 64 bit Build 19041 (10.0.19041.3636)
Time: Fri Mar  1 12:08:56 2024 India Standard Time elapsed time: 180.023366 seconds (0d 0h 3m 0s)

---------------  T H R E A D  ---------------

Current thread (0x0000026fe9b16730):  VMThread "VM Thread" [stack: 0x000000d7d3300000,0x000000d7d3400000] [id=9028]

Stack: [0x000000d7d3300000,0x000000d7d3400000]
Native frames: (J=compiled Java code, j=interpreted, Vv=VM code, C=native code)
V  [jvm.dll+0x67d2c9]
V  [jvm.dll+0x834afa]
V  [jvm.dll+0x8365be]
V  [jvm.dll+0x836c23]
V  [jvm.dll+0x2477ff]
V  [jvm.dll+0xa6c93]
V  [jvm.dll+0x2f86f1]
V  [jvm.dll+0x2f42e0]
V  [jvm.dll+0x2dc8c7]
V  [jvm.dll+0x31fb87]
V  [jvm.dll+0x83b11b]
V  [jvm.dll+0x83be61]
V  [jvm.dll+0x83c37d]
V  [jvm.dll+0x83c754]
V  [jvm.dll+0x83c820]
V  [jvm.dll+0x7e3fba]
V  [jvm.dll+0x67c1b5]
C  [ucrtbase.dll+0x21bb2]
C  [KERNEL32.DLL+0x17344]
C  [ntdll.dll+0x526b1]

VM_Operation (0x000000d7d44fef00): G1CollectFull, mode: safepoint, requested by thread 0x0000026fef70c060


---------------  P R O C E S S  ---------------

Threads class SMR info:
_java_thread_list=0x0000026fef704fd0, length=23, elements={
0x0000026fe9b2e740, 0x0000026fe9b2f5c0, 0x0000026fe9b62130, 0x0000026fee008890,
0x0000026fee009160, 0x0000026fee00aa40, 0x0000026fee00b310, 0x0000026fee00dc30,
0x0000026fee201ff0, 0x0000026fee21b020, 0x0000026fee170940, 0x0000026fef70c060,
0x0000026fef70c540, 0x0000026fdd5dbef0, 0x0000026feea0ea60, 0x0000026fee9f6f70,
0x0000026fee0b7050, 0x0000026fee0b7530, 0x0000026fee06cd00, 0x0000026fee06d210,
0x0000026fee06d720, 0x0000026fee06bdd0, 0x0000026fef812890
}

Java Threads: ( => current thread )
  0x0000026fe9b2e740 JavaThread "Reference Handler" daemon [_thread_blocked, id=16268, stack(0x000000d7d3400000,0x000000d7d3500000)]
  0x0000026fe9b2f5c0 JavaThread "Finalizer" daemon [_thread_blocked, id=18296, stack(0x000000d7d3500000,0x000000d7d3600000)]
  0x0000026fe9b62130 JavaThread "Signal Dispatcher" daemon [_thread_blocked, id=3096, stack(0x000000d7d3600000,0x000000d7d3700000)]
  0x0000026fee008890 JavaThread "Attach Listener" daemon [_thread_blocked, id=12996, stack(0x000000d7d3700000,0x000000d7d3800000)]
  0x0000026fee009160 JavaThread "Service Thread" daemon [_thread_blocked, id=9712, stack(0x000000d7d3800000,0x000000d7d3900000)]
  0x0000026fee00aa40 JavaThread "Monitor Deflation Thread" daemon [_thread_blocked, id=3848, stack(0x000000d7d3900000,0x000000d7d3a00000)]
  0x0000026fee00b310 JavaThread "C1 CompilerThread0" daemon [_thread_blocked, id=9804, stack(0x000000d7d3a00000,0x000000d7d3b00000)]
  0x0000026fee00dc30 JavaThread "Sweeper thread" daemon [_thread_blocked, id=2092, stack(0x000000d7d3b00000,0x000000d7d3c00000)]
  0x0000026fee201ff0 JavaThread "Notification Thread" daemon [_thread_blocked, id=13796, stack(0x000000d7d3c00000,0x000000d7d3d00000)]
  0x0000026fee21b020 JavaThread "Common-Cleaner" daemon [_thread_blocked, id=13688, stack(0x000000d7d3e00000,0x000000d7d3f00000)]
  0x0000026fee170940 JavaThread "boundedElastic-evictor-1" daemon [_thread_blocked, id=10656, stack(0x000000d7d4300000,0x000000d7d4400000)]
  0x0000026fef70c060 JavaThread "pool-12-thread-1" [_thread_blocked, id=17952, stack(0x000000d7d4400000,0x000000d7d4500000)]
  0x0000026fef70c540 JavaThread "LanguageServerApp-lifecycle" [_thread_blocked, id=17460, stack(0x000000d7d4500000,0x000000d7d4600000)]
  0x0000026fdd5dbef0 JavaThread "DestroyJavaVM" [_thread_blocked, id=6280, stack(0x000000d7d2d00000,0x000000d7d2e00000)]
  0x0000026feea0ea60 JavaThread "pool-13-thread-1" [_thread_in_native, id=15736, stack(0x000000d7d4600000,0x000000d7d4700000)]
  0x0000026fee9f6f70 JavaThread "Simple-Language-Server main thread" daemon [_thread_blocked, id=7536, stack(0x000000d7d4700000,0x000000d7d4800000)]
  0x0000026fee0b7050 JavaThread "pool-8-thread-1" [_thread_blocked, id=13632, stack(0x000000d7d4800000,0x000000d7d4900000)]
  0x0000026fee0b7530 JavaThread "parallel-1" daemon [_thread_blocked, id=7400, stack(0x000000d7d4900000,0x000000d7d4a00000)]
  0x0000026fee06cd00 JavaThread "parallel-2" daemon [_thread_blocked, id=11952, stack(0x000000d7d4a00000,0x000000d7d4b00000)]
  0x0000026fee06d210 JavaThread "pool-6-thread-1" [_thread_blocked, id=2100, stack(0x000000d7d4b00000,0x000000d7d4c00000)]
  0x0000026fee06d720 JavaThread "parallel-3" daemon [_thread_blocked, id=6564, stack(0x000000d7d4c00000,0x000000d7d4d00000)]
  0x0000026fee06bdd0 JavaThread "parallel-4" daemon [_thread_blocked, id=13056, stack(0x000000d7d4d00000,0x000000d7d4e00000)]
  0x0000026fef812890 JavaThread "Reconciler-1" daemon [_thread_blocked, id=16000, stack(0x000000d7d5000000,0x000000d7d5100000)]

Other Threads:
=>0x0000026fe9b16730 VMThread "VM Thread" [stack: 0x000000d7d3300000,0x000000d7d3400000] [id=9028]
  0x0000026fee202ce0 WatcherThread [stack: 0x000000d7d3d00000,0x000000d7d3e00000] [id=11472]
  0x0000026fdd617280 GCTaskThread "GC Thread#0" [stack: 0x000000d7d2e00000,0x000000d7d2f00000] [id=11504]
  0x0000026fee8712b0 GCTaskThread "GC Thread#1" [stack: 0x000000d7d3f00000,0x000000d7d4000000] [id=1208]
  0x0000026fee871980 GCTaskThread "GC Thread#2" [stack: 0x000000d7d4000000,0x000000d7d4100000] [id=9700]
  0x0000026feed41d20 GCTaskThread "GC Thread#3" [stack: 0x000000d7d4200000,0x000000d7d4300000] [id=2900]
  0x0000026fdd6201d0 ConcurrentGCThread "G1 Main Marker" [stack: 0x000000d7d2f00000,0x000000d7d3000000] [id=12328]
  0x0000026fdd620bf0 ConcurrentGCThread "G1 Conc#0" [stack: 0x000000d7d3000000,0x000000d7d3100000] [id=692]
  0x0000026fdd676c80 ConcurrentGCThread "G1 Refine#0" [stack: 0x000000d7d3100000,0x000000d7d3200000] [id=14712]
  0x0000026fe99907e0 ConcurrentGCThread "G1 Service" [stack: 0x000000d7d3200000,0x000000d7d3300000] [id=2960]

Threads with active compile tasks:

VM state: at safepoint (normal execution)

VM Mutex/Monitor currently owned by a thread:  ([mutex/lock_event])
[0x0000026fdd3ea240] Threads_lock - owner thread: 0x0000026fe9b16730
[0x0000026fdd5d8c00] Heap_lock - owner thread: 0x0000026fef70c060

Heap address: 0x00000000c0000000, size: 1024 MB, Compressed Oops mode: 32-bit

CDS archive(s) not mapped
Compressed class space mapped at: 0x0000000100000000-0x0000000140000000, reserved size: 1073741824
Narrow klass base: 0x0000000000000000, Narrow klass shift: 3, Narrow klass range: 0x140000000

GC Precious Log:
 CPUs: 4 total, 4 available
 Memory: 8102M
 Large Page Support: Disabled
 NUMA Support: Disabled
 Compressed Oops: Enabled (32-bit)
 Heap Region Size: 1M
 Heap Min Capacity: 8M
 Heap Initial Capacity: 128M
 Heap Max Capacity: 1G
 Pre-touch: Disabled
 Parallel Workers: 4
 Concurrent Workers: 1
 Concurrent Refinement Workers: 4
 Periodic GC: Disabled

Heap:
 garbage-first heap   total 75776K, used 24015K [0x00000000c0000000, 0x0000000100000000)
  region size 1024K, 1 young (1024K), 0 survivors (0K)
 Metaspace       used 38711K, committed 39296K, reserved 1114112K
  class space    used 5100K, committed 5376K, reserved 1048576K

Heap Regions: E=young(eden), S=young(survivor), O=old, HS=humongous(starts), HC=humongous(continues), CS=collection set, F=free, OA=open archive, CA=closed archive, TAMS=top-at-mark-start (previous, next)
|   0|0x00000000c0000000, 0x00000000c0100000, 0x00000000c0100000|100%|HS|  |TAMS 0x00000000c0100000, 0x00000000c0000000| Untracked 
|   1|0x00000000c0100000, 0x00000000c0200000, 0x00000000c0200000|100%|HC|  |TAMS 0x00000000c0200000, 0x00000000c0100000| Untracked 
|   2|0x00000000c0200000, 0x00000000c0300000, 0x00000000c0300000|100%|HC|  |TAMS 0x00000000c0300000, 0x00000000c0200000| Untracked 
|   3|0x00000000c0300000, 0x00000000c0400000, 0x00000000c0400000|100%|HC|  |TAMS 0x00000000c0400000, 0x00000000c0300000| Untracked 
|   4|0x00000000c0400000, 0x00000000c0500000, 0x00000000c0500000|100%| O|  |TAMS 0x00000000c0500000, 0x00000000c0400000| Untracked 
|   5|0x00000000c0500000, 0x00000000c0600000, 0x00000000c0600000|100%| O|  |TAMS 0x00000000c0600000, 0x00000000c0500000| Untracked 
|   6|0x00000000c0600000, 0x00000000c06fc600, 0x00000000c0700000| 98%| O|  |TAMS 0x00000000c06fc600, 0x00000000c0600000| Untracked 
|   7|0x00000000c0700000, 0x00000000c0800000, 0x00000000c0800000|100%| O|  |TAMS 0x00000000c0800000, 0x00000000c0700000| Untracked 
|   8|0x00000000c0800000, 0x00000000c0900000, 0x00000000c0900000|100%| O|  |TAMS 0x00000000c0900000, 0x00000000c0800000| Untracked 
|   9|0x00000000c0900000, 0x00000000c09ffff8, 0x00000000c0a00000| 99%| O|  |TAMS 0x00000000c09ffff8, 0x00000000c0900000| Untracked 
|  10|0x00000000c0a00000, 0x00000000c0b00000, 0x00000000c0b00000|100%|HS|  |TAMS 0x00000000c0b00000, 0x00000000c0a00000| Untracked 
|  11|0x00000000c0b00000, 0x00000000c0c00000, 0x00000000c0c00000|100%|HC|  |TAMS 0x00000000c0c00000, 0x00000000c0b00000| Untracked 
|  12|0x00000000c0c00000, 0x00000000c0cfe860, 0x00000000c0d00000| 99%| O|  |TAMS 0x00000000c0cfe860, 0x00000000c0c00000| Untracked 
|  13|0x00000000c0d00000, 0x00000000c0dfffe8, 0x00000000c0e00000| 99%| O|  |TAMS 0x00000000c0dfffe8, 0x00000000c0d00000| Untracked 
|  14|0x00000000c0e00000, 0x00000000c0effc58, 0x00000000c0f00000| 99%| O|  |TAMS 0x00000000c0effc58, 0x00000000c0e00000| Untracked 
|  15|0x00000000c0f00000, 0x00000000c0ffffd0, 0x00000000c1000000| 99%| O|  |TAMS 0x00000000c0ffffd0, 0x00000000c0f00000| Untracked 
|  16|0x00000000c1000000, 0x00000000c10fffc8, 0x00000000c1100000| 99%| O|  |TAMS 0x00000000c10fffc8, 0x00000000c1000000| Untracked 
|  17|0x00000000c1100000, 0x00000000c11fffe8, 0x00000000c1200000| 99%| O|  |TAMS 0x00000000c11fffe8, 0x00000000c1100000| Untracked 
|  18|0x00000000c1200000, 0x00000000c12fffc8, 0x00000000c1300000| 99%| O|  |TAMS 0x00000000c12fffc8, 0x00000000c1200000| Untracked 
|  19|0x00000000c1300000, 0x00000000c1400000, 0x00000000c1400000|100%| O|  |TAMS 0x00000000c1400000, 0x00000000c1300000| Untracked 
|  20|0x00000000c1400000, 0x00000000c14fffa8, 0x00000000c1500000| 99%| O|  |TAMS 0x00000000c14fffa8, 0x00000000c1400000| Untracked 
|  21|0x00000000c1500000, 0x00000000c15fffd0, 0x00000000c1600000| 99%| O|  |TAMS 0x00000000c15fffd0, 0x00000000c1500000| Untracked 
|  22|0x00000000c1600000, 0x00000000c16cdf08, 0x00000000c1700000| 80%| O|  |TAMS 0x00000000c1600000, 0x00000000c1600000| Untracked 
|  23|0x00000000c1700000, 0x00000000c17ab628, 0x00000000c1800000| 66%| O|  |TAMS 0x00000000c1700000, 0x00000000c1700000| Untracked 
|  24|0x00000000c1800000, 0x00000000c1800000, 0x00000000c1900000|  0%| F|  |TAMS 0x00000000c1800000, 0x00000000c1800000| Untracked 
|  25|0x00000000c1900000, 0x00000000c1900000, 0x00000000c1a00000|  0%| F|  |TAMS 0x00000000c1900000, 0x00000000c1900000| Untracked 
|  26|0x00000000c1a00000, 0x00000000c1a00000, 0x00000000c1b00000|  0%| F|  |TAMS 0x00000000c1a00000, 0x00000000c1a00000| Untracked 
|  27|0x00000000c1b00000, 0x00000000c1b00000, 0x00000000c1c00000|  0%| F|  |TAMS 0x00000000c1b00000, 0x00000000c1b00000| Untracked 
|  28|0x00000000c1c00000, 0x00000000c1c00000, 0x00000000c1d00000|  0%| F|  |TAMS 0x00000000c1c00000, 0x00000000c1c00000| Untracked 
|  29|0x00000000c1d00000, 0x00000000c1d00000, 0x00000000c1e00000|  0%| F|  |TAMS 0x00000000c1d00000, 0x00000000c1d00000| Untracked 
|  30|0x00000000c1e00000, 0x00000000c1e00000, 0x00000000c1f00000|  0%| F|  |TAMS 0x00000000c1e00000, 0x00000000c1e00000| Untracked 
|  31|0x00000000c1f00000, 0x00000000c1f00000, 0x00000000c2000000|  0%| F|  |TAMS 0x00000000c1f00000, 0x00000000c1f00000| Untracked 
|  32|0x00000000c2000000, 0x00000000c2000000, 0x00000000c2100000|  0%| F|  |TAMS 0x00000000c2000000, 0x00000000c2000000| Untracked 
|  33|0x00000000c2100000, 0x00000000c2100000, 0x00000000c2200000|  0%| F|  |TAMS 0x00000000c2100000, 0x00000000c2100000| Untracked 
|  34|0x00000000c2200000, 0x00000000c2200000, 0x00000000c2300000|  0%| F|  |TAMS 0x00000000c2200000, 0x00000000c2200000| Untracked 
|  35|0x00000000c2300000, 0x00000000c2300000, 0x00000000c2400000|  0%| F|  |TAMS 0x00000000c2300000, 0x00000000c2300000| Untracked 
|  36|0x00000000c2400000, 0x00000000c2400000, 0x00000000c2500000|  0%| F|  |TAMS 0x00000000c2400000, 0x00000000c2400000| Untracked 
|  37|0x00000000c2500000, 0x00000000c2500000, 0x00000000c2600000|  0%| F|  |TAMS 0x00000000c2500000, 0x00000000c2500000| Untracked 
|  38|0x00000000c2600000, 0x00000000c2600000, 0x00000000c2700000|  0%| F|  |TAMS 0x00000000c2600000, 0x00000000c2600000| Untracked 
|  39|0x00000000c2700000, 0x00000000c2700000, 0x00000000c2800000|  0%| F|  |TAMS 0x00000000c2700000, 0x00000000c2700000| Untracked 
|  40|0x00000000c2800000, 0x00000000c2800000, 0x00000000c2900000|  0%| F|  |TAMS 0x00000000c2800000, 0x00000000c2800000| Untracked 
|  41|0x00000000c2900000, 0x00000000c2900000, 0x00000000c2a00000|  0%| F|  |TAMS 0x00000000c2900000, 0x00000000c2900000| Untracked 
|  42|0x00000000c2a00000, 0x00000000c2a00000, 0x00000000c2b00000|  0%| F|  |TAMS 0x00000000c2a00000, 0x00000000c2a00000| Untracked 
|  43|0x00000000c2b00000, 0x00000000c2b00000, 0x00000000c2c00000|  0%| F|  |TAMS 0x00000000c2b00000, 0x00000000c2b00000| Untracked 
|  44|0x00000000c2c00000, 0x00000000c2c00000, 0x00000000c2d00000|  0%| F|  |TAMS 0x00000000c2c00000, 0x00000000c2c00000| Untracked 
|  45|0x00000000c2d00000, 0x00000000c2d00000, 0x00000000c2e00000|  0%| F|  |TAMS 0x00000000c2d00000, 0x00000000c2d00000| Untracked 
|  46|0x00000000c2e00000, 0x00000000c2e00000, 0x00000000c2f00000|  0%| F|  |TAMS 0x00000000c2e00000, 0x00000000c2e00000| Untracked 
|  47|0x00000000c2f00000, 0x00000000c2f00000, 0x00000000c3000000|  0%| F|  |TAMS 0x00000000c2f00000, 0x00000000c2f00000| Untracked 
|  48|0x00000000c3000000, 0x00000000c3000000, 0x00000000c3100000|  0%| F|  |TAMS 0x00000000c3000000, 0x00000000c3000000| Untracked 
|  49|0x00000000c3100000, 0x00000000c3100000, 0x00000000c3200000|  0%| F|  |TAMS 0x00000000c3100000, 0x00000000c3100000| Untracked 
|  50|0x00000000c3200000, 0x00000000c3200000, 0x00000000c3300000|  0%| F|  |TAMS 0x00000000c3200000, 0x00000000c3200000| Untracked 
|  51|0x00000000c3300000, 0x00000000c3300000, 0x00000000c3400000|  0%| F|  |TAMS 0x00000000c3300000, 0x00000000c3300000| Untracked 
|  52|0x00000000c3400000, 0x00000000c3400000, 0x00000000c3500000|  0%| F|  |TAMS 0x00000000c3400000, 0x00000000c3400000| Untracked 
|  53|0x00000000c3500000, 0x00000000c3500000, 0x00000000c3600000|  0%| F|  |TAMS 0x00000000c3500000, 0x00000000c3500000| Untracked 
|  54|0x00000000c3600000, 0x00000000c3600000, 0x00000000c3700000|  0%| F|  |TAMS 0x00000000c3600000, 0x00000000c3600000| Untracked 
|  55|0x00000000c3700000, 0x00000000c3700000, 0x00000000c3800000|  0%| F|  |TAMS 0x00000000c3700000, 0x00000000c3700000| Untracked 
|  56|0x00000000c3800000, 0x00000000c3800000, 0x00000000c3900000|  0%| F|  |TAMS 0x00000000c3800000, 0x00000000c3800000| Untracked 
|  57|0x00000000c3900000, 0x00000000c3900000, 0x00000000c3a00000|  0%| F|  |TAMS 0x00000000c3900000, 0x00000000c3900000| Untracked 
|  58|0x00000000c3a00000, 0x00000000c3a00000, 0x00000000c3b00000|  0%| F|  |TAMS 0x00000000c3a00000, 0x00000000c3a00000| Untracked 
|  59|0x00000000c3b00000, 0x00000000c3b00000, 0x00000000c3c00000|  0%| F|  |TAMS 0x00000000c3b00000, 0x00000000c3b00000| Untracked 
|  60|0x00000000c3c00000, 0x00000000c3c00000, 0x00000000c3d00000|  0%| F|  |TAMS 0x00000000c3c00000, 0x00000000c3c00000| Untracked 
|  61|0x00000000c3d00000, 0x00000000c3d00000, 0x00000000c3e00000|  0%| F|  |TAMS 0x00000000c3d00000, 0x00000000c3d00000| Untracked 
|  62|0x00000000c3e00000, 0x00000000c3e00000, 0x00000000c3f00000|  0%| F|  |TAMS 0x00000000c3e00000, 0x00000000c3e00000| Untracked 
|  63|0x00000000c3f00000, 0x00000000c3f00000, 0x00000000c4000000|  0%| F|  |TAMS 0x00000000c3f00000, 0x00000000c3f00000| Untracked 
|  64|0x00000000c4000000, 0x00000000c4000000, 0x00000000c4100000|  0%| F|  |TAMS 0x00000000c4000000, 0x00000000c4000000| Untracked 
|  65|0x00000000c4100000, 0x00000000c4100000, 0x00000000c4200000|  0%| F|  |TAMS 0x00000000c4100000, 0x00000000c4100000| Untracked 
|  81|0x00000000c5100000, 0x00000000c5100000, 0x00000000c5200000|  0%| F|  |TAMS 0x00000000c5100000, 0x00000000c5100000| Untracked 
|  82|0x00000000c5200000, 0x00000000c5200000, 0x00000000c5300000|  0%| F|  |TAMS 0x00000000c5200000, 0x00000000c5200000| Untracked 
|  83|0x00000000c5300000, 0x00000000c5300000, 0x00000000c5400000|  0%| F|  |TAMS 0x00000000c5300000, 0x00000000c5300000| Untracked 
|  84|0x00000000c5400000, 0x00000000c5400000, 0x00000000c5500000|  0%| F|  |TAMS 0x00000000c5400000, 0x00000000c5400000| Untracked 
|  85|0x00000000c5500000, 0x00000000c5500000, 0x00000000c5600000|  0%| F|  |TAMS 0x00000000c5500000, 0x00000000c5500000| Untracked 
|  86|0x00000000c5600000, 0x00000000c5600000, 0x00000000c5700000|  0%| F|  |TAMS 0x00000000c5600000, 0x00000000c5600000| Untracked 
|  87|0x00000000c5700000, 0x00000000c5700000, 0x00000000c5800000|  0%| F|  |TAMS 0x00000000c5700000, 0x00000000c5700000| Untracked 
| 127|0x00000000c7f00000, 0x00000000c7f21770, 0x00000000c8000000| 13%| E|  |TAMS 0x00000000c7f00000, 0x00000000c7f00000| Complete 

Card table byte_map: [0x0000026fe5120000,0x0000026fe5320000] _byte_map_base: 0x0000026fe4b20000

Marking Bits (Prev, Next): (CMBitMap*) 0x0000026fdd6178a0, (CMBitMap*) 0x0000026fdd6178e0
 Prev Bits: [0x0000026fe5520000, 0x0000026fe6520000)
 Next Bits: [0x0000026fe6520000, 0x0000026fe7520000)

Polling page: 0x0000026fdd680000

Metaspace:

Usage:
  Non-class:     32.82 MB used.
      Class:      4.98 MB used.
       Both:     37.80 MB used.

Virtual space:
  Non-class space:       64.00 MB reserved,      33.12 MB ( 52%) committed,  1 nodes.
      Class space:        1.00 GB reserved,       5.25 MB ( <1%) committed,  1 nodes.
             Both:        1.06 GB reserved,      38.38 MB (  4%) committed. 

Chunk freelists:
   Non-Class:  14.35 MB
       Class:  10.82 MB
        Both:  25.17 MB

MaxMetaspaceSize: unlimited
CompressedClassSpaceSize: 1.00 GB
Initial GC threshold: 21.00 MB
Current GC threshold: 64.00 MB
CDS: off
MetaspaceReclaimPolicy: balanced
 - commit_granule_bytes: 65536.
 - commit_granule_words: 8192.
 - virtual_space_node_default_size: 8388608.
 - enlarge_chunks_in_place: 1.
 - new_chunks_are_fully_committed: 0.
 - uncommit_free_chunks: 1.
 - use_allocation_guard: 0.
 - handle_deallocations: 1.


Internal statistics:

num_allocs_failed_limit: 6.
num_arena_births: 502.
num_arena_deaths: 152.
num_vsnodes_births: 2.
num_vsnodes_deaths: 0.
num_space_committed: 614.
num_space_uncommitted: 0.
num_chunks_returned_to_freelist: 175.
num_chunks_taken_from_freelist: 1658.
num_chunk_merges: 56.
num_chunk_splits: 1142.
num_chunks_enlarged: 865.
num_inconsistent_stats: 0.

CodeCache: size=49152Kb used=6689Kb max_used=7226Kb free=42462Kb
 bounds [0x0000026fe1a80000, 0x0000026fe2190000, 0x0000026fe4a80000]
 total_blobs=4128 nmethods=3585 adapters=470
 compilation: enabled
              stopped_count=0, restarted_count=0
 full_count=0

Compilation events (20 events):
Event: 13.741 Thread 0x0000026fee00b310 nmethod 3570 0x0000026fe218c610 code [0x0000026fe218c7a0, 0x0000026fe218c878]
Event: 13.741 Thread 0x0000026fee00b310 3571       1       jdk.internal.reflect.UnsafeObjectFieldAccessorImpl::set (56 bytes)
Event: 13.741 Thread 0x0000026feea30cc0 nmethod 3569 0x0000026fe218c910 code [0x0000026fe218cac0, 0x0000026fe218cc88]
Event: 13.742 Thread 0x0000026fee00b310 nmethod 3571 0x0000026fe218cd90 code [0x0000026fe218cfe0, 0x0000026fe218d5a8]
Event: 13.747 Thread 0x0000026fee00b310 3574       1       org.eclipse.lsp4j.jsonrpc.json.adapters.TypeUtils::isTwoTuple (39 bytes)
Event: 13.747 Thread 0x0000026fee00b310 nmethod 3574 0x0000026fe218e010 code [0x0000026fe218e1e0, 0x0000026fe218e468]
Event: 14.313 Thread 0x0000026fee00b310 3576       1       java.lang.invoke.InvokerBytecodeGenerator::emitIconstInsn (75 bytes)
Event: 14.314 Thread 0x0000026fee00b310 nmethod 3576 0x0000026fe1ce7690 code [0x0000026fe1ce7880, 0x0000026fe1ce7b38]
Event: 14.324 Thread 0x0000026fee00b310 3577       1       jdk.internal.reflect.Reflection::verifyMemberAccess (200 bytes)
Event: 14.327 Thread 0x0000026fee00b310 nmethod 3577 0x0000026fe1ce5e10 code [0x0000026fe1ce6180, 0x0000026fe1ce6fa8]
Event: 52.641 Thread 0x0000026fee00b310 3578       1       java.lang.invoke.StringConcatFactory::parseRecipe (198 bytes)
Event: 52.644 Thread 0x0000026fee00b310 nmethod 3578 0x0000026fe1ce4510 code [0x0000026fe1ce47e0, 0x0000026fe1ce5538]
Event: 52.644 Thread 0x0000026fee00b310 3579       1       java.lang.invoke.MethodHandles::argumentsWithCombiner (130 bytes)
Event: 52.645 Thread 0x0000026fee00b310 nmethod 3579 0x0000026fe1ce3910 code [0x0000026fe1ce3b20, 0x0000026fe1ce3ff8]
Event: 52.645 Thread 0x0000026fee00b310 3580       1       java.lang.invoke.MethodHandles::argumentsWithCombinerChecks (197 bytes)
Event: 52.647 Thread 0x0000026fee00b310 nmethod 3580 0x0000026fe1ce2590 code [0x0000026fe1ce2880, 0x0000026fe1ce31f8]
Event: 122.455 Thread 0x0000026fee00b310 3584       1       java.util.concurrent.locks.AbstractQueuedSynchronizer::signalNext (34 bytes)
Event: 122.456 Thread 0x0000026fee00b310 nmethod 3584 0x0000026fe1ce1890 code [0x0000026fe1ce1a20, 0x0000026fe1ce1b68]
Event: 172.453 Thread 0x0000026fee00b310 3585       1       java.util.ArrayList::<init> (63 bytes)
Event: 172.453 Thread 0x0000026fee00b310 nmethod 3585 0x0000026fe1ce1310 code [0x0000026fe1ce14e0, 0x0000026fe1ce17b8]

GC Heap History (20 events):
Event: 73.931 GC heap before
{Heap before GC invocations=11 (full 2):
 garbage-first heap   total 75776K, used 26660K [0x00000000c0000000, 0x0000000100000000)
  region size 1024K, 1 young (1024K), 0 survivors (0K)
 Metaspace       used 38840K, committed 39296K, reserved 1114112K
  class space    used 5133K, committed 5376K, reserved 1048576K
}
Event: 73.969 GC heap after
{Heap after GC invocations=12 (full 3):
 garbage-first heap   total 75776K, used 24015K [0x00000000c0000000, 0x0000000100000000)
  region size 1024K, 0 young (0K), 0 survivors (0K)
 Metaspace       used 38711K, committed 39296K, reserved 1114112K
  class space    used 5100K, committed 5376K, reserved 1048576K
}
Event: 84.302 GC heap before
{Heap before GC invocations=12 (full 3):
 garbage-first heap   total 75776K, used 24015K [0x00000000c0000000, 0x0000000100000000)
  region size 1024K, 1 young (1024K), 0 survivors (0K)
 Metaspace       used 38711K, committed 39296K, reserved 1114112K
  class space    used 5100K, committed 5376K, reserved 1048576K
}
Event: 84.339 GC heap after
{Heap after GC invocations=13 (full 4):
 garbage-first heap   total 75776K, used 24015K [0x00000000c0000000, 0x0000000100000000)
  region size 1024K, 0 young (0K), 0 survivors (0K)
 Metaspace       used 38711K, committed 39296K, reserved 1114112K
  class space    used 5100K, committed 5376K, reserved 1048576K
}
Event: 94.768 GC heap before
{Heap before GC invocations=13 (full 4):
 garbage-first heap   total 75776K, used 24015K [0x00000000c0000000, 0x0000000100000000)
  region size 1024K, 1 young (1024K), 0 survivors (0K)
 Metaspace       used 38711K, committed 39296K, reserved 1114112K
  class space    used 5100K, committed 5376K, reserved 1048576K
}
Event: 94.805 GC heap after
{Heap after GC invocations=14 (full 5):
 garbage-first heap   total 75776K, used 24015K [0x00000000c0000000, 0x0000000100000000)
  region size 1024K, 0 young (0K), 0 survivors (0K)
 Metaspace       used 38711K, committed 39296K, reserved 1114112K
  class space    used 5100K, committed 5376K, reserved 1048576K
}
Event: 105.249 GC heap before
{Heap before GC invocations=14 (full 5):
 garbage-first heap   total 75776K, used 24015K [0x00000000c0000000, 0x0000000100000000)
  region size 1024K, 1 young (1024K), 0 survivors (0K)
 Metaspace       used 38711K, committed 39296K, reserved 1114112K
  class space    used 5100K, committed 5376K, reserved 1048576K
}
Event: 105.283 GC heap after
{Heap after GC invocations=15 (full 6):
 garbage-first heap   total 75776K, used 24015K [0x00000000c0000000, 0x0000000100000000)
  region size 1024K, 0 young (0K), 0 survivors (0K)
 Metaspace       used 38711K, committed 39296K, reserved 1114112K
  class space    used 5100K, committed 5376K, reserved 1048576K
}
Event: 115.691 GC heap before
{Heap before GC invocations=15 (full 6):
 garbage-first heap   total 75776K, used 24015K [0x00000000c0000000, 0x0000000100000000)
  region size 1024K, 1 young (1024K), 0 survivors (0K)
 Metaspace       used 38711K, committed 39296K, reserved 1114112K
  class space    used 5100K, committed 5376K, reserved 1048576K
}
Event: 115.736 GC heap after
{Heap after GC invocations=16 (full 7):
 garbage-first heap   total 75776K, used 24015K [0x00000000c0000000, 0x0000000100000000)
  region size 1024K, 0 young (0K), 0 survivors (0K)
 Metaspace       used 38711K, committed 39296K, reserved 1114112K
  class space    used 5100K, committed 5376K, reserved 1048576K
}
Event: 126.054 GC heap before
{Heap before GC invocations=16 (full 7):
 garbage-first heap   total 75776K, used 24015K [0x00000000c0000000, 0x0000000100000000)
  region size 1024K, 1 young (1024K), 0 survivors (0K)
 Metaspace       used 38711K, committed 39296K, reserved 1114112K
  class space    used 5100K, committed 5376K, reserved 1048576K
}
Event: 126.129 GC heap after
{Heap after GC invocations=17 (full 8):
 garbage-first heap   total 75776K, used 24015K [0x00000000c0000000, 0x0000000100000000)
  region size 1024K, 0 young (0K), 0 survivors (0K)
 Metaspace       used 38711K, committed 39296K, reserved 1114112K
  class space    used 5100K, committed 5376K, reserved 1048576K
}
Event: 136.957 GC heap before
{Heap before GC invocations=17 (full 8):
 garbage-first heap   total 75776K, used 24015K [0x00000000c0000000, 0x0000000100000000)
  region size 1024K, 1 young (1024K), 0 survivors (0K)
 Metaspace       used 38711K, committed 39296K, reserved 1114112K
  class space    used 5100K, committed 5376K, reserved 1048576K
}
Event: 136.994 GC heap after
{Heap after GC invocations=18 (full 9):
 garbage-first heap   total 75776K, used 24015K [0x00000000c0000000, 0x0000000100000000)
  region size 1024K, 0 young (0K), 0 survivors (0K)
 Metaspace       used 38711K, committed 39296K, reserved 1114112K
  class space    used 5100K, committed 5376K, reserved 1048576K
}
Event: 147.968 GC heap before
{Heap before GC invocations=18 (full 9):
 garbage-first heap   total 75776K, used 24015K [0x00000000c0000000, 0x0000000100000000)
  region size 1024K, 1 young (1024K), 0 survivors (0K)
 Metaspace       used 38711K, committed 39296K, reserved 1114112K
  class space    used 5100K, committed 5376K, reserved 1048576K
}
Event: 148.008 GC heap after
{Heap after GC invocations=19 (full 10):
 garbage-first heap   total 75776K, used 24015K [0x00000000c0000000, 0x0000000100000000)
  region size 1024K, 0 young (0K), 0 survivors (0K)
 Metaspace       used 38711K, committed 39296K, reserved 1114112K
  class space    used 5100K, committed 5376K, reserved 1048576K
}
Event: 158.640 GC heap before
{Heap before GC invocations=19 (full 10):
 garbage-first heap   total 75776K, used 24015K [0x00000000c0000000, 0x0000000100000000)
  region size 1024K, 1 young (1024K), 0 survivors (0K)
 Metaspace       used 38711K, committed 39296K, reserved 1114112K
  class space    used 5100K, committed 5376K, reserved 1048576K
}
Event: 158.680 GC heap after
{Heap after GC invocations=20 (full 11):
 garbage-first heap   total 75776K, used 24015K [0x00000000c0000000, 0x0000000100000000)
  region size 1024K, 0 young (0K), 0 survivors (0K)
 Metaspace       used 38711K, committed 39296K, reserved 1114112K
  class space    used 5100K, committed 5376K, reserved 1048576K
}
Event: 169.132 GC heap before
{Heap before GC invocations=20 (full 11):
 garbage-first heap   total 75776K, used 24015K [0x00000000c0000000, 0x0000000100000000)
  region size 1024K, 1 young (1024K), 0 survivors (0K)
 Metaspace       used 38711K, committed 39296K, reserved 1114112K
  class space    used 5100K, committed 5376K, reserved 1048576K
}
Event: 169.181 GC heap after
{Heap after GC invocations=21 (full 12):
 garbage-first heap   total 75776K, used 24015K [0x00000000c0000000, 0x0000000100000000)
  region size 1024K, 0 young (0K), 0 survivors (0K)
 Metaspace       used 38711K, committed 39296K, reserved 1114112K
  class space    used 5100K, committed 5376K, reserved 1048576K
}

Dll operation events (8 events):
Event: 0.018 Loaded shared library c:\Users\Ganesha\.vscode\extensions\redhat.java-1.28.1-win32-x64\jre\17.0.10-win32-x86_64\bin\java.dll
Event: 0.724 Loaded shared library C:\Users\Ganesha\.vscode\extensions\redhat.java-1.28.1-win32-x64\jre\17.0.10-win32-x86_64\bin\net.dll
Event: 0.727 Loaded shared library C:\Users\Ganesha\.vscode\extensions\redhat.java-1.28.1-win32-x64\jre\17.0.10-win32-x86_64\bin\nio.dll
Event: 0.742 Loaded shared library C:\Users\Ganesha\.vscode\extensions\redhat.java-1.28.1-win32-x64\jre\17.0.10-win32-x86_64\bin\zip.dll
Event: 1.578 Loaded shared library C:\Users\Ganesha\.vscode\extensions\redhat.java-1.28.1-win32-x64\jre\17.0.10-win32-x86_64\bin\jimage.dll
Event: 5.372 Loaded shared library c:\Users\Ganesha\.vscode\extensions\redhat.java-1.28.1-win32-x64\jre\17.0.10-win32-x86_64\bin\verify.dll
Event: 12.671 Loaded shared library C:\Users\Ganesha\.vscode\extensions\redhat.java-1.28.1-win32-x64\jre\17.0.10-win32-x86_64\bin\management.dll
Event: 12.679 Loaded shared library C:\Users\Ganesha\.vscode\extensions\redhat.java-1.28.1-win32-x64\jre\17.0.10-win32-x86_64\bin\management_ext.dll

Deoptimization events (4 events):
Event: 13.396 Thread 0x0000026feea0ea60 DEOPT PACKING pc=0x0000026fe1fb2201 sp=0x000000d7d46fdf00
Event: 13.396 Thread 0x0000026feea0ea60 DEOPT UNPACKING pc=0x0000026fe1ad7143 sp=0x000000d7d46fd390 mode 3
Event: 13.427 Thread 0x0000026fee9f6f70 DEOPT PACKING pc=0x0000026fe1f8cd97 sp=0x000000d7d47ff3d0
Event: 13.427 Thread 0x0000026fee9f6f70 DEOPT UNPACKING pc=0x0000026fe1ad7143 sp=0x000000d7d47fe828 mode 3

Classes unloaded (20 events):
Event: 73.949 Thread 0x0000026fe9b16730 Unloading class 0x000000010039c000 'java/lang/invoke/LambdaForm$DMH+0x000000010039c000'
Event: 73.949 Thread 0x0000026fe9b16730 Unloading class 0x0000000100265c00 'java/lang/invoke/LambdaForm$MH+0x0000000100265c00'
Event: 73.949 Thread 0x0000026fe9b16730 Unloading class 0x0000000100096000 'java/lang/invoke/LambdaForm$MH+0x0000000100096000'
Event: 73.949 Thread 0x0000026fe9b16730 Unloading class 0x0000000100095c00 'java/lang/invoke/LambdaForm$MH+0x0000000100095c00'
Event: 73.949 Thread 0x0000026fe9b16730 Unloading class 0x0000000100095800 'java/lang/invoke/LambdaForm$MH+0x0000000100095800'
Event: 73.949 Thread 0x0000026fe9b16730 Unloading class 0x0000000100095400 'java/lang/invoke/LambdaForm$MH+0x0000000100095400'
Event: 73.949 Thread 0x0000026fe9b16730 Unloading class 0x0000000100095000 'java/lang/invoke/LambdaForm$MH+0x0000000100095000'
Event: 73.949 Thread 0x0000026fe9b16730 Unloading class 0x0000000100094c00 'java/lang/invoke/LambdaForm$MH+0x0000000100094c00'
Event: 73.949 Thread 0x0000026fe9b16730 Unloading class 0x0000000100094800 'java/lang/invoke/LambdaForm$MH+0x0000000100094800'
Event: 73.949 Thread 0x0000026fe9b16730 Unloading class 0x0000000100094400 'java/lang/invoke/LambdaForm$MH+0x0000000100094400'
Event: 73.949 Thread 0x0000026fe9b16730 Unloading class 0x000000010008e800 'java/lang/invoke/LambdaForm$MH+0x000000010008e800'
Event: 73.949 Thread 0x0000026fe9b16730 Unloading class 0x000000010008e400 'java/lang/invoke/LambdaForm$MH+0x000000010008e400'
Event: 73.949 Thread 0x0000026fe9b16730 Unloading class 0x000000010008e000 'java/lang/invoke/LambdaForm$MH+0x000000010008e000'
Event: 73.949 Thread 0x0000026fe9b16730 Unloading class 0x000000010008dc00 'java/lang/invoke/LambdaForm$MH+0x000000010008dc00'
Event: 73.949 Thread 0x0000026fe9b16730 Unloading class 0x000000010008d800 'java/lang/invoke/LambdaForm$MH+0x000000010008d800'
Event: 73.949 Thread 0x0000026fe9b16730 Unloading class 0x000000010008d400 'java/lang/invoke/LambdaForm$MH+0x000000010008d400'
Event: 73.949 Thread 0x0000026fe9b16730 Unloading class 0x000000010008cc00 'java/lang/invoke/LambdaForm$MH+0x000000010008cc00'
Event: 73.949 Thread 0x0000026fe9b16730 Unloading class 0x000000010008c800 'java/lang/invoke/LambdaForm$MH+0x000000010008c800'
Event: 73.949 Thread 0x0000026fe9b16730 Unloading class 0x000000010008c000 'java/lang/invoke/LambdaForm$MH+0x000000010008c000'
Event: 73.949 Thread 0x0000026fe9b16730 Unloading class 0x000000010008bc00 'java/lang/invoke/LambdaForm$MH+0x000000010008bc00'

Classes redefined (0 events):
No events

Internal exceptions (20 events):
Event: 9.286 Thread 0x0000026fdd5dbef0 Exception <a 'java/lang/NoSuchMethodError'{0x00000000c3f7d2e8}: 'java.lang.Object java.lang.invoke.DirectMethodHandle$Holder.invokeSpecial(java.lang.Object, java.lang.Object, int, java.lang.Object, java.lang.Object)'> (0x00000000c3f7d2e8) 
thrown [s\src\hotspot\share\interpreter\linkResolver.cpp, line 759]
Event: 9.287 Thread 0x0000026fdd5dbef0 Exception <a 'java/lang/NoSuchMethodError'{0x00000000c3f80f90}: 'java.lang.Object java.lang.invoke.DelegatingMethodHandle$Holder.delegate(java.lang.Object, int, java.lang.Object, java.lang.Object)'> (0x00000000c3f80f90) 
thrown [s\src\hotspot\share\interpreter\linkResolver.cpp, line 759]
Event: 9.289 Thread 0x0000026fdd5dbef0 Exception <a 'java/lang/NoSuchMethodError'{0x00000000c3f91e18}: 'int java.lang.invoke.Invokers$Holder.linkToTargetMethod(java.lang.Object, java.lang.Object, java.lang.Object)'> (0x00000000c3f91e18) 
thrown [s\src\hotspot\share\interpreter\linkResolver.cpp, line 759]
Event: 9.661 Thread 0x0000026fdd5dbef0 Exception <a 'java/lang/NoSuchMethodError'{0x00000000c3a0ceb8}: 'java.lang.Object java.lang.invoke.DirectMethodHandle$Holder.invokeStaticInit(java.lang.Object, int, int, int, int)'> (0x00000000c3a0ceb8) 
thrown [s\src\hotspot\share\interpreter\linkResolver.cpp, line 759]
Event: 10.019 Thread 0x0000026fdd5dbef0 Exception <a 'java/lang/NoSuchMethodError'{0x00000000c3a64768}: 'java.lang.Object java.lang.invoke.DirectMethodHandle$Holder.invokeStaticInit(java.lang.Object, java.lang.Object, int, int, int, int)'> (0x00000000c3a64768) 
thrown [s\src\hotspot\share\interpreter\linkResolver.cpp, line 759]
Event: 10.968 Thread 0x0000026fdd5dbef0 Exception <a 'java/lang/NoSuchMethodError'{0x00000000c3281800}: 'void java.lang.invoke.DirectMethodHandle$Holder.invokeSpecialIFC(java.lang.Object, java.lang.Object, java.lang.Object)'> (0x00000000c3281800) 
thrown [s\src\hotspot\share\interpreter\linkResolver.cpp, line 759]
Event: 11.931 Thread 0x0000026fdd5dbef0 Exception <a 'java/lang/NoSuchMethodError'{0x00000000c3cf82e0}: 'int java.lang.invoke.DirectMethodHandle$Holder.invokeStaticInit(java.lang.Object, java.lang.Object, int, java.lang.Object)'> (0x00000000c3cf82e0) 
thrown [s\src\hotspot\share\interpreter\linkResolver.cpp, line 759]
Event: 12.010 Thread 0x0000026fdd5dbef0 Exception <a 'java/lang/NoSuchMethodError'{0x00000000c3a06030}: 'void java.lang.invoke.DirectMethodHandle$Holder.invokeSpecial(java.lang.Object, java.lang.Object, java.lang.Object, java.lang.Object, java.lang.Object, java.lang.Object, java.lang.Object)'> (0x00000000c3a06030) 
thrown [s\src\hotspot\share\interpreter\linkResolver.cpp, line 759]
Event: 12.285 Thread 0x0000026fdd5dbef0 Exception <a 'java/lang/NoSuchMethodError'{0x00000000c3611d68}: 'java.lang.Object java.lang.invoke.DirectMethodHandle$Holder.invokeInterface(java.lang.Object, java.lang.Object, int)'> (0x00000000c3611d68) 
thrown [s\src\hotspot\share\interpreter\linkResolver.cpp, line 759]
Event: 12.288 Thread 0x0000026fdd5dbef0 Exception <a 'java/lang/IncompatibleClassChangeError'{0x00000000c3625380}: Found class java.lang.Object, but interface was expected> (0x00000000c3625380) 
thrown [s\src\hotspot\share\interpreter\linkResolver.cpp, line 826]
Event: 12.647 Thread 0x0000026fdd5dbef0 Exception <a 'java/lang/NoSuchMethodError'{0x00000000c56e1df8}: 'java.lang.Object java.lang.invoke.DirectMethodHandle$Holder.newInvokeSpecial(java.lang.Object, java.lang.Object, int, java.lang.Object, java.lang.Object)'> (0x00000000c56e1df8) 
thrown [s\src\hotspot\share\interpreter\linkResolver.cpp, line 759]
Event: 12.649 Thread 0x0000026fdd5dbef0 Exception <a 'java/lang/NoSuchMethodError'{0x00000000c56f4c48}: 'java.lang.Object java.lang.invoke.DirectMethodHandle$Holder.invokeSpecial(java.lang.Object, java.lang.Object, int, java.lang.Object, int, java.lang.Object)'> (0x00000000c56f4c48) 
thrown [s\src\hotspot\share\interpreter\linkResolver.cpp, line 759]
Event: 12.651 Thread 0x0000026fdd5dbef0 Exception <a 'java/lang/NoSuchMethodError'{0x00000000c56fca50}: 'java.lang.Object java.lang.invoke.DirectMethodHandle$Holder.newInvokeSpecial(java.lang.Object, java.lang.Object, int, java.lang.Object, int)'> (0x00000000c56fca50) 
thrown [s\src\hotspot\share\interpreter\linkResolver.cpp, line 759]
Event: 12.652 Thread 0x0000026fdd5dbef0 Exception <a 'java/lang/NoSuchMethodError'{0x00000000c5500f10}: 'java.lang.Object java.lang.invoke.DirectMethodHandle$Holder.invokeSpecial(java.lang.Object, java.lang.Object, java.lang.Object, int, java.lang.Object, int)'> (0x00000000c5500f10) 
thrown [s\src\hotspot\share\interpreter\linkResolver.cpp, line 759]
Event: 13.310 Thread 0x0000026fee9f6f70 Exception <a 'java/lang/NoSuchMethodError'{0x00000000c3c65be0}: 'java.lang.Object java.lang.invoke.DirectMethodHandle$Holder.invokeStatic(java.lang.Object, int, java.lang.Object)'> (0x00000000c3c65be0) 
thrown [s\src\hotspot\share\interpreter\linkResolver.cpp, line 759]
Event: 13.330 Thread 0x0000026feea0ea60 Exception <a 'java/lang/NoSuchMethodError'{0x00000000c3ccdc58}: 'java.lang.Object java.lang.invoke.DirectMethodHandle$Holder.invokeStatic(java.lang.Object, java.lang.Object, java.lang.Object, int, java.lang.Object, java.lang.Object)'> (0x00000000c3ccdc58) 
thrown [s\src\hotspot\share\interpreter\linkResolver.cpp, line 759]
Event: 14.313 Thread 0x0000026fef812890 Exception <a 'java/lang/NoSuchMethodError'{0x00000000c355a970}: 'int java.lang.invoke.DirectMethodHandle$Holder.invokeStatic(java.lang.Object)'> (0x00000000c355a970) 
thrown [s\src\hotspot\share\interpreter\linkResolver.cpp, line 759]
Event: 14.314 Thread 0x0000026fef812890 Exception <a 'java/lang/NoSuchMethodError'{0x00000000c355dd70}: 'int java.lang.invoke.DirectMethodHandle$Holder.invokeStaticInit(java.lang.Object)'> (0x00000000c355dd70) 
thrown [s\src\hotspot\share\interpreter\linkResolver.cpp, line 759]
Event: 52.672 Thread 0x0000026fef70c060 Exception <a 'java/lang/NoSuchMethodError'{0x00000000c5679d48}: 'void java.lang.invoke.DirectMethodHandle$Holder.invokeStatic(java.lang.Object, long)'> (0x00000000c5679d48) 
thrown [s\src\hotspot\share\interpreter\linkResolver.cpp, line 759]
Event: 52.672 Thread 0x0000026fef70c060 Exception <a 'java/lang/NoSuchMethodError'{0x00000000c567f0f0}: 'java.lang.Object java.lang.invoke.DirectMethodHandle$Holder.newInvokeSpecial(java.lang.Object, long)'> (0x00000000c567f0f0) 
thrown [s\src\hotspot\share\interpreter\linkResolver.cpp, line 759]

VM Operations (20 events):
Event: 73.969 Executing VM operation: G1CollectFull done
Event: 84.302 Executing VM operation: G1CollectFull
Event: 84.339 Executing VM operation: G1CollectFull done
Event: 94.768 Executing VM operation: G1CollectFull
Event: 94.806 Executing VM operation: G1CollectFull done
Event: 105.249 Executing VM operation: G1CollectFull
Event: 105.283 Executing VM operation: G1CollectFull done
Event: 115.691 Executing VM operation: G1CollectFull
Event: 115.736 Executing VM operation: G1CollectFull done
Event: 126.054 Executing VM operation: G1CollectFull
Event: 126.129 Executing VM operation: G1CollectFull done
Event: 136.957 Executing VM operation: G1CollectFull
Event: 136.994 Executing VM operation: G1CollectFull done
Event: 147.968 Executing VM operation: G1CollectFull
Event: 148.009 Executing VM operation: G1CollectFull done
Event: 158.640 Executing VM operation: G1CollectFull
Event: 158.680 Executing VM operation: G1CollectFull done
Event: 169.132 Executing VM operation: G1CollectFull
Event: 169.181 Executing VM operation: G1CollectFull done
Event: 180.001 Executing VM operation: G1CollectFull

Events (20 events):
Event: 14.324 loading class java/util/concurrent/atomic/AtomicLongFieldUpdater
Event: 14.324 loading class java/util/concurrent/atomic/AtomicLongFieldUpdater done
Event: 14.324 loading class java/util/concurrent/atomic/AtomicLongFieldUpdater$CASUpdater
Event: 14.325 loading class java/util/concurrent/atomic/AtomicLongFieldUpdater$CASUpdater done
Event: 14.325 loading class java/util/concurrent/atomic/AtomicLongFieldUpdater$CASUpdater$1
Event: 14.325 loading class java/util/concurrent/atomic/AtomicLongFieldUpdater$CASUpdater$1 done
Event: 52.645 loading class java/lang/ProcessBuilder
Event: 52.649 loading class java/lang/ProcessBuilder done
Event: 52.649 loading class java/lang/ProcessImpl
Event: 52.650 loading class java/lang/ProcessImpl done
Event: 52.673 loading class java/lang/ProcessImpl$2
Event: 52.673 loading class java/lang/ProcessImpl$2 done
Event: 52.673 loading class java/lang/Process$PipeInputStream
Event: 52.673 loading class java/lang/Process$PipeInputStream done
Event: 52.674 loading class jdk/internal/event/ProcessStartEvent
Event: 52.674 loading class jdk/internal/event/ProcessStartEvent done
Event: 53.035 loading class java/io/FileOutputStream$1
Event: 53.035 loading class java/io/FileOutputStream$1 done
Event: 73.755 Thread 0x0000026fee06c2e0 Thread exited: 0x0000026fee06c2e0
Event: 73.756 Thread 0x0000026fee06c7f0 Thread exited: 0x0000026fee06c7f0


Dynamic libraries:
0x00007ff78d1c0000 - 0x00007ff78d1ce000 	c:\Users\Ganesha\.vscode\extensions\redhat.java-1.28.1-win32-x64\jre\17.0.10-win32-x86_64\bin\java.exe
0x00007fff0f5d0000 - 0x00007fff0f7c8000 	C:\WINDOWS\SYSTEM32\ntdll.dll
0x00007fff0f4d0000 - 0x00007fff0f58d000 	C:\WINDOWS\System32\KERNEL32.DLL
0x00007fff0d270000 - 0x00007fff0d566000 	C:\WINDOWS\System32\KERNELBASE.dll
0x00007fff0a570000 - 0x00007fff0a600000 	C:\WINDOWS\SYSTEM32\apphelp.dll
0x00007fff0cd50000 - 0x00007fff0ce50000 	C:\WINDOWS\System32\ucrtbase.dll
0x00007fff071a0000 - 0x00007fff071b7000 	c:\Users\Ganesha\.vscode\extensions\redhat.java-1.28.1-win32-x64\jre\17.0.10-win32-x86_64\bin\jli.dll
0x00007fff0de20000 - 0x00007fff0dfbe000 	C:\WINDOWS\System32\USER32.dll
0x00007fff0cd20000 - 0x00007fff0cd42000 	C:\WINDOWS\System32\win32u.dll
0x00007fff0ec10000 - 0x00007fff0ec3b000 	C:\WINDOWS\System32\GDI32.dll
0x00007fff0ce50000 - 0x00007fff0cf67000 	C:\WINDOWS\System32\gdi32full.dll
0x00007fff0d570000 - 0x00007fff0d60d000 	C:\WINDOWS\System32\msvcp_win.dll
0x00007fff05580000 - 0x00007fff0559b000 	c:\Users\Ganesha\.vscode\extensions\redhat.java-1.28.1-win32-x64\jre\17.0.10-win32-x86_64\bin\VCRUNTIME140.dll
0x00007fff02440000 - 0x00007fff026da000 	C:\WINDOWS\WinSxS\amd64_microsoft.windows.common-controls_6595b64144ccf1df_6.0.19041.3636_none_60b6a03d71f818d5\COMCTL32.dll
0x00007fff0edb0000 - 0x00007fff0ee4e000 	C:\WINDOWS\System32\msvcrt.dll
0x00007fff0dbc0000 - 0x00007fff0dbf2000 	C:\WINDOWS\System32\IMM32.DLL
0x00007fff083d0000 - 0x00007fff083dc000 	c:\Users\Ganesha\.vscode\extensions\redhat.java-1.28.1-win32-x64\jre\17.0.10-win32-x86_64\bin\vcruntime140_1.dll
0x00007fff00070000 - 0x00007fff000fd000 	c:\Users\Ganesha\.vscode\extensions\redhat.java-1.28.1-win32-x64\jre\17.0.10-win32-x86_64\bin\msvcp140.dll
0x00007ffea7fc0000 - 0x00007ffea8c22000 	c:\Users\Ganesha\.vscode\extensions\redhat.java-1.28.1-win32-x64\jre\17.0.10-win32-x86_64\bin\server\jvm.dll
0x00007fff0ecf0000 - 0x00007fff0eda3000 	C:\WINDOWS\System32\ADVAPI32.dll
0x00007fff0d6c0000 - 0x00007fff0d75f000 	C:\WINDOWS\System32\sechost.dll
0x00007fff0da90000 - 0x00007fff0dbb6000 	C:\WINDOWS\System32\RPCRT4.dll
0x00007fff0d1f0000 - 0x00007fff0d217000 	C:\WINDOWS\System32\bcrypt.dll
0x00007fff0c1e0000 - 0x00007fff0c22b000 	C:\WINDOWS\SYSTEM32\POWRPROF.dll
0x00007fff02bf0000 - 0x00007fff02bf9000 	C:\WINDOWS\SYSTEM32\WSOCK32.dll
0x00007fff0e450000 - 0x00007fff0e4bb000 	C:\WINDOWS\System32\WS2_32.dll
0x00007fff03a20000 - 0x00007fff03a47000 	C:\WINDOWS\SYSTEM32\WINMM.dll
0x00007fff04db0000 - 0x00007fff04dba000 	C:\WINDOWS\SYSTEM32\VERSION.dll
0x00007fff0c0a0000 - 0x00007fff0c0b2000 	C:\WINDOWS\SYSTEM32\UMPDC.dll
0x00007fff0ab40000 - 0x00007fff0ab52000 	C:\WINDOWS\SYSTEM32\kernel.appcore.dll
0x00007fff08050000 - 0x00007fff0805a000 	c:\Users\Ganesha\.vscode\extensions\redhat.java-1.28.1-win32-x64\jre\17.0.10-win32-x86_64\bin\jimage.dll
0x00007ffef97e0000 - 0x00007ffef99c4000 	C:\WINDOWS\SYSTEM32\DBGHELP.DLL
0x00007ffef95a0000 - 0x00007ffef95d4000 	C:\WINDOWS\SYSTEM32\dbgcore.DLL
0x00007fff0cc90000 - 0x00007fff0cd12000 	C:\WINDOWS\System32\bcryptPrimitives.dll
0x00007ffef3e60000 - 0x00007ffef3e85000 	c:\Users\Ganesha\.vscode\extensions\redhat.java-1.28.1-win32-x64\jre\17.0.10-win32-x86_64\bin\java.dll
0x00007fff02e90000 - 0x00007fff02ea8000 	c:\Users\Ganesha\.vscode\extensions\redhat.java-1.28.1-win32-x64\jre\17.0.10-win32-x86_64\bin\zip.dll
0x00007fff0e4c0000 - 0x00007fff0ec05000 	C:\WINDOWS\System32\SHELL32.dll
0x00007fff0ad40000 - 0x00007fff0b4dc000 	C:\WINDOWS\SYSTEM32\windows.storage.dll
0x00007fff0e0d0000 - 0x00007fff0e424000 	C:\WINDOWS\System32\combase.dll
0x00007fff0c6c0000 - 0x00007fff0c6ee000 	C:\WINDOWS\SYSTEM32\Wldp.dll
0x00007fff0dc20000 - 0x00007fff0dced000 	C:\WINDOWS\System32\OLEAUT32.dll
0x00007fff0ec40000 - 0x00007fff0eced000 	C:\WINDOWS\System32\SHCORE.dll
0x00007fff0d760000 - 0x00007fff0d7b5000 	C:\WINDOWS\System32\shlwapi.dll
0x00007fff0cbc0000 - 0x00007fff0cbe5000 	C:\WINDOWS\SYSTEM32\profapi.dll
0x00007fff00050000 - 0x00007fff00069000 	C:\Users\Ganesha\.vscode\extensions\redhat.java-1.28.1-win32-x64\jre\17.0.10-win32-x86_64\bin\net.dll
0x00007fff045c0000 - 0x00007fff046ca000 	C:\WINDOWS\SYSTEM32\WINHTTP.dll
0x00007fff0c420000 - 0x00007fff0c48a000 	C:\WINDOWS\system32\mswsock.dll
0x00007ffef8fa0000 - 0x00007ffef8fb6000 	C:\Users\Ganesha\.vscode\extensions\redhat.java-1.28.1-win32-x64\jre\17.0.10-win32-x86_64\bin\nio.dll
0x00007ffefcf80000 - 0x00007ffefcf90000 	c:\Users\Ganesha\.vscode\extensions\redhat.java-1.28.1-win32-x64\jre\17.0.10-win32-x86_64\bin\verify.dll
0x00007fff0c610000 - 0x00007fff0c628000 	C:\WINDOWS\SYSTEM32\CRYPTSP.dll
0x00007fff0bce0000 - 0x00007fff0bd14000 	C:\WINDOWS\system32\rsaenh.dll
0x00007fff0cb80000 - 0x00007fff0cbae000 	C:\WINDOWS\SYSTEM32\USERENV.dll
0x00007fff0c630000 - 0x00007fff0c63c000 	C:\WINDOWS\SYSTEM32\CRYPTBASE.dll
0x00007fff0c0c0000 - 0x00007fff0c0fb000 	C:\WINDOWS\SYSTEM32\IPHLPAPI.DLL
0x00007fff0de10000 - 0x00007fff0de18000 	C:\WINDOWS\System32\NSI.dll
0x00007fff05030000 - 0x00007fff05047000 	C:\WINDOWS\SYSTEM32\dhcpcsvc6.DLL
0x00007fff05c80000 - 0x00007fff05c9d000 	C:\WINDOWS\SYSTEM32\dhcpcsvc.DLL
0x00007fff0c110000 - 0x00007fff0c1db000 	C:\WINDOWS\SYSTEM32\DNSAPI.dll
0x00007fff00010000 - 0x00007fff00019000 	C:\Users\Ganesha\.vscode\extensions\redhat.java-1.28.1-win32-x64\jre\17.0.10-win32-x86_64\bin\management.dll
0x00007ffefc0f0000 - 0x00007ffefc0fb000 	C:\Users\Ganesha\.vscode\extensions\redhat.java-1.28.1-win32-x64\jre\17.0.10-win32-x86_64\bin\management_ext.dll
0x00007fff0e430000 - 0x00007fff0e438000 	C:\WINDOWS\System32\PSAPI.DLL

dbghelp: loaded successfully - version: 4.0.5 - missing functions: none
symbol engine: initialized successfully - sym options: 0x614 - pdb path: .;c:\Users\Ganesha\.vscode\extensions\redhat.java-1.28.1-win32-x64\jre\17.0.10-win32-x86_64\bin;C:\WINDOWS\SYSTEM32;C:\WINDOWS\WinSxS\amd64_microsoft.windows.common-controls_6595b64144ccf1df_6.0.19041.3636_none_60b6a03d71f818d5;c:\Users\Ganesha\.vscode\extensions\redhat.java-1.28.1-win32-x64\jre\17.0.10-win32-x86_64\bin\server

VM Arguments:
jvm_args: -XX:+HeapDumpOnOutOfMemoryError -Xmx1024m -Dsts.lsp.client=vscode -Dsts.log.file=/dev/null -XX:TieredStopAtLevel=1 -Xlog:jni+resolve=off -Dspring.config.location=file:c:\Users\Ganesha\.vscode\extensions\vmware.vscode-spring-boot-1.52.0\language-server\BOOT-INF\classes\application.properties 
java_command: org.springframework.ide.vscode.boot.app.BootLanguageServerBootApp
java_class_path (initial): c:\Users\Ganesha\.vscode\extensions\vmware.vscode-spring-boot-1.52.0\language-server\BOOT-INF\classes;c:\Users\Ganesha\.vscode\extensions\vmware.vscode-spring-boot-1.52.0\language-server\BOOT-INF\lib\annotations-24.1.0.jar;c:\Users\Ganesha\.vscode\extensions\vmware.vscode-spring-boot-1.52.0\language-server\BOOT-INF\lib\antlr4-runtime-4.11.1.jar;c:\Users\Ganesha\.vscode\extensions\vmware.vscode-spring-boot-1.52.0\language-server\BOOT-INF\lib\asm-9.6.jar;c:\Users\Ganesha\.vscode\extensions\vmware.vscode-spring-boot-1.52.0\language-server\BOOT-INF\lib\asm-analysis-9.6.jar;c:\Users\Ganesha\.vscode\extensions\vmware.vscode-spring-boot-1.52.0\language-server\BOOT-INF\lib\asm-tree-9.6.jar;c:\Users\Ganesha\.vscode\extensions\vmware.vscode-spring-boot-1.52.0\language-server\BOOT-INF\lib\asm-util-9.6.jar;c:\Users\Ganesha\.vscode\extensions\vmware.vscode-spring-boot-1.52.0\language-server\BOOT-INF\lib\caffeine-3.1.8.jar;c:\Users\Ganesha\.vscode\extensions\vmware.vscode-spring-boot-1.52.0\language-server\BOOT-INF\lib\checker-qual-3.12.0.jar;c:\Users\Ganesha\.vscode\extensions\vmware.vscode-spring-boot-1.52.0\language-server\BOOT-INF\lib\classgraph-4.8.149.jar;c:\Users\Ganesha\.vscode\extensions\vmware.vscode-spring-boot-1.52.0\language-server\BOOT-INF\lib\commons-codec-1.16.0.jar;c:\Users\Ganesha\.vscode\extensions\vmware.vscode-spring-boot-1.52.0\language-server\BOOT-INF\lib\commons-compress-1.25.0.jar;c:\Users\Ganesha\.vscode\extensions\vmware.vscode-spring-boot-1.52.0\language-server\BOOT-INF\lib\commons-io-2.4.jar;c:\Users\Ganesha\.vscode\extensions\vmware.vscode-spring-boot-1.52.0\language-server\BOOT-INF\lib\commons-java-1.52.0-SNAPSHOT.jar;c:\Users\Ganesha\.vscode\extensions\vmware.vscode-spring-boot-1.52.0\language-server\BOOT-INF\lib\commons-lang3-3.13.0.jar;c:\Users\Ganesha\.vscode\extensions\vmware.vscode-spring-boot-1.52.0\language-server\BOOT-INF\lib\commons-language-server-1.52.0-SNAPSHOT.jar;c:\Users\Ganesha\.vscode\extensions\vmware.
Launcher Type: SUN_STANDARD

[Global flags]
     intx CICompilerCount                          = 3                                         {product} {ergonomic}
     uint ConcGCThreads                            = 1                                         {product} {ergonomic}
     uint G1ConcRefinementThreads                  = 4                                         {product} {ergonomic}
   size_t G1HeapRegionSize                         = 1048576                                   {product} {ergonomic}
    uintx GCDrainStackTargetSize                   = 64                                        {product} {ergonomic}
     bool HeapDumpOnOutOfMemoryError               = true                                   {manageable} {command line}
   size_t InitialHeapSize                          = 134217728                                 {product} {ergonomic}
   size_t MarkStackSize                            = 4194304                                   {product} {ergonomic}
   size_t MaxHeapSize                              = 1073741824                                {product} {command line}
   size_t MaxNewSize                               = 643825664                                 {product} {ergonomic}
   size_t MinHeapDeltaBytes                        = 1048576                                   {product} {ergonomic}
   size_t MinHeapSize                              = 8388608                                   {product} {ergonomic}
    uintx NonProfiledCodeHeapSize                  = 0                                      {pd product} {ergonomic}
     bool ProfileInterpreter                       = false                                  {pd product} {command line}
    uintx ProfiledCodeHeapSize                     = 0                                      {pd product} {ergonomic}
   size_t SoftMaxHeapSize                          = 1073741824                             {manageable} {ergonomic}
     intx TieredStopAtLevel                        = 1                                         {product} {command line}
     bool UseCompressedClassPointers               = true                           {product lp64_product} {ergonomic}
     bool UseCompressedOops                        = true                           {product lp64_product} {ergonomic}
     bool UseG1GC                                  = true                                      {product} {ergonomic}
     bool UseLargePagesIndividualAllocation        = false                                  {pd product} {ergonomic}

Logging:
Log output configuration:
 #0: stdout all=warning,jni+resolve=off uptime,level,tags
 #1: stderr all=off uptime,level,tags

Environment Variables:
JAVA_HOME=C:\Program Files\Java\jdk-17
PATH=C:\Program Files\Common Files\Oracle\Java\javapath;C:\WINDOWS\system32;C:\WINDOWS;C:\WINDOWS\System32\Wbem;C:\WINDOWS\System32\WindowsPowerShell\v1.0\;C:\WINDOWS\System32\OpenSSH\;C:\ProgramData\chocolatey\bin;C:\Program Files\nodejs\;C:\Program Files\PuTTY\;C:\Program Files\Git\cmd;C:\src\flutter\bin;C:\Program Files\Git\bin\git.exe;C:\Program Files\MySQL\MySQL Shell 8.0\bin\;C:\Users\Ganesha\AppData\Local\Programs\Python\Python311\Scripts\;C:\Users\Ganesha\AppData\Local\Programs\Python\Python311\;C:\Program Files\Java\jdk-17\bin;C:\Users\Ganesha\AppData\Local\Programs\Microsoft VS Code\bin;C:\Users\Ganesha\AppData\Local\Microsoft\WindowsApps;C:\Program Files\JetBrains\IntelliJ IDEA Community Edition 2021.3.3\bin;;C:\Users\Ganesha\AppData\Roaming\npm;C:\Users\Ganesha\AppData\Local\Programs\Hyper\resources\bin;C:\apache-maven-3.8.6\bin;C:\Program Files\Java\jdk-17bin;C:\Windows\System32;C:\Users\Ganesha\AppData\Local\Android\Sdk\platform-tools;
USERNAME=Ganesha
OS=Windows_NT
PROCESSOR_IDENTIFIER=Intel64 Family 6 Model 61 Stepping 4, GenuineIntel
TMP=C:\Users\Ganesha\AppData\Local\Temp
TEMP=C:\Users\Ganesha\AppData\Local\Temp



Periodic native trim disabled


---------------  S Y S T E M  ---------------

OS:
 Windows 10 , 64 bit Build 19041 (10.0.19041.3636)
OS uptime: 5 days 12:24 hours

CPU: total 4 (initial active 4) (2 cores per cpu, 2 threads per core) family 6 model 61 stepping 4 microcode 0x2d, cx8, cmov, fxsr, ht, mmx, 3dnowpref, sse, sse2, sse3, ssse3, sse4.1, sse4.2, popcnt, lzcnt, tsc, tscinvbit, avx, avx2, aes, erms, clmul, bmi1, bmi2, adx, fma, vzeroupper, clflush
Processor Information for all 4 processors :
  Max Mhz: 2201, Current Mhz: 2201, Mhz Limit: 2201

Memory: 4k page, system-wide physical 8102M (188M free)
TotalPageFile size 23227M (AvailPageFile size 4M)
current process WorkingSet (physical memory assigned to process): 166M, peak: 167M
current process commit charge ("private bytes"): 196M, peak: 225M

vm_info: OpenJDK 64-Bit Server VM (17.0.10+7) for windows-amd64 JRE (17.0.10+7), built on Jan 16 2024 23:25:11 by "admin" with MS VC++ 16.10 / 16.11 (VS2019)

END.
